[2023-01-02T13:19:55.827] [ERROR] default - Error: listen EADDRINUSE: address already in use :::8080
    at Server.setupListenHandle [as _listen2] (node:net:1432:16)
    at listenInCluster (node:net:1480:12)
    at Server.listen (node:net:1568:7)
    at Function.listen (C:\Users\inft11\Desktop\Coderhouse (Lautaro)\Desafio16-LoggersGzipPerformance\node_modules\express\lib\application.js:635:24)
    at Object.<anonymous> (C:\Users\inft11\Desktop\Coderhouse (Lautaro)\Desafio16-LoggersGzipPerformance\server.js:113:20)
    at Module._compile (node:internal/modules/cjs/loader:1126:14)
    at Object.Module._extensions..js (node:internal/modules/cjs/loader:1180:10)
    at Module.load (node:internal/modules/cjs/loader:1004:32)
    at Function.Module._load (node:internal/modules/cjs/loader:839:12)
    at Function.executeUserEntryPoint [as runMain] (node:internal/modules/run_main:81:12) {
  code: 'EADDRINUSE',
  errno: -4091,
  syscall: 'listen',
  address: '::',
  port: 8080
}
[2023-01-09T12:15:15.517] [ERROR] default - Error: listen EACCES: permission denied server
    at Server.setupListenHandle [as _listen2] (node:net:1716:21)
    at listenInCluster (node:net:1781:12)
    at Server.listen (node:net:1880:5)
    at Object.<anonymous> (C:\Users\Usuario\Desktop\Coder\Backend\Projects\Desafio16-LoggersGzipPerformance\server.js:113:27)
    at Module._compile (node:internal/modules/cjs/loader:1218:14)
    at Module._extensions..js (node:internal/modules/cjs/loader:1272:10)
    at Module.load (node:internal/modules/cjs/loader:1081:32)
    at Module._load (node:internal/modules/cjs/loader:922:12)
    at Function.executeUserEntryPoint [as runMain] (node:internal/modules/run_main:81:12)
    at node:internal/main/run_main_module:23:47 {
  code: 'EACCES',
  errno: -4092,
  syscall: 'listen',
  address: 'server',
  port: -1
}
